<?xml version="1.0" encoding="UTF-8"?>
<!-- Generated by org.testng.reporters.JUnitXMLReporter -->
<testsuite ignored="2" hostname="LAPTOP-84AOTKRB" failures="0" tests="1" name="Surefire test" time="41.311" errors="0" timestamp="27 Jul 2022 04:46:33 GMT">
  <testcase classname="Tugas3.BaseTest" name="@BeforeTest setUp" time="41.301">
    <failure type="io.github.bonigarcia.wdm.WebDriverManagerException" message="io.github.bonigarcia.wdm.WebDriverManagerException: chromedriver 103.0.5060.53 for WIN64 not found in http://npm.taobao.org/mirrors/chromedriver/">
      <![CDATA[io.github.bonigarcia.wdm.WebDriverManagerException: io.github.bonigarcia.wdm.WebDriverManagerException: chromedriver 103.0.5060.53 for WIN64 not found in http://npm.taobao.org/mirrors/chromedriver/
at io.github.bonigarcia.wdm.WebDriverManager.handleException(WebDriverManager.java:776)
at io.github.bonigarcia.wdm.WebDriverManager.manage(WebDriverManager.java:550)
at io.github.bonigarcia.wdm.WebDriverManager.handleException(WebDriverManager.java:773)
at io.github.bonigarcia.wdm.WebDriverManager.manage(WebDriverManager.java:550)
at io.github.bonigarcia.wdm.WebDriverManager.handleException(WebDriverManager.java:766)
at io.github.bonigarcia.wdm.WebDriverManager.manage(WebDriverManager.java:550)
at io.github.bonigarcia.wdm.WebDriverManager.setup(WebDriverManager.java:260)
at Tugas3.BaseTest.setUp(BaseTest.java:18)
Caused by: io.github.bonigarcia.wdm.WebDriverManagerException: chromedriver 103.0.5060.53 for WIN64 not found in http://npm.taobao.org/mirrors/chromedriver/
at io.github.bonigarcia.wdm.WebDriverManager.downloadAndExport(WebDriverManager.java:575)
at io.github.bonigarcia.wdm.WebDriverManager.manage(WebDriverManager.java:547)
... 35 more
... Removed 29 stack frames]]>
    </failure>
  </testcase> <!-- @BeforeTest setUp -->
  <testcase classname="Tugas3.BaseTest" name="@AfterTest tearDown" time="0.0">
    <skipped/>
  </testcase> <!-- @AfterTest tearDown -->
  <testcase classname="Tugas3.YopMailTest" name="inputEmail" time="0.0">
    <skipped/>
  </testcase> <!-- inputEmail -->
  <testcase classname="Tugas3.BaseTest" name="@AfterTest tearDown" time="0.0">
    <ignored/>
  </testcase> <!-- @AfterTest tearDown -->
  <testcase classname="Tugas3.BaseTest" name="@BeforeTest setUp" time="0.0">
    <ignored/>
  </testcase> <!-- @BeforeTest setUp -->
</testsuite> <!-- Surefire test -->
